<?xml version="1.0" encoding="UTF-8"?>
<!-- Generated by org.testng.reporters.JUnitReportReporter -->
<testsuite hostname="VISHAL_17" failures="0" tests="4" name="Test2" time="0.009" errors="0" timestamp="2023-04-27T12:02:01 IST" skipped="0">
  <testcase classname="Test2" name="Add" time="0.008"/>
  <system-out/>
  <testcase classname="Test2" name="Sub" time="0.000"/>
  <system-out/>
  <testcase classname="Test2" name="Mul" time="0.000"/>
  <system-out/>
  <testcase classname="Test2" name="Div" time="0.001"/>
  <system-out/>
</testsuite> <!-- Test2 -->
