<?xml version="1.0" encoding="UTF-8"?>
<!-- Generated by org.testng.reporters.JUnitReportReporter -->
<testsuite hostname="VISHAL_17" failures="0" tests="1" name="Test1" time="8.697" errors="0" timestamp="2023-04-27T11:42:40 IST" skipped="0">
  <testcase classname="Test1" name="TC_001" time="8.697"/>
  <system-out/>
</testsuite> <!-- Test1 -->
