<?xml version="1.0" encoding="UTF-8"?>
<!-- Generated by org.testng.reporters.JUnitReportReporter -->
<testsuite hostname="VISHAL_17" failures="0" tests="2" name="test4" time="18.141" errors="0" timestamp="2023-04-27T15:26:41 IST" skipped="0">
  <testcase classname="test4" name="Login" time="12.113"/>
  <system-out/>
  <testcase classname="test4" name="Logout" time="6.028"/>
  <system-out/>
</testsuite> <!-- test4 -->
